#
# There is insufficient memory for the Java Runtime Environment to continue.
# Native memory allocation (malloc) failed to allocate 788832 bytes for Chunk::new
# Possible reasons:
#   The system is out of physical RAM or swap space
#   The process is running with CompressedOops enabled, and the Java Heap may be blocking the growth of the native heap
# Possible solutions:
#   Reduce memory load on the system
#   Increase physical memory or swap space
#   Check if swap backing store is full
#   Decrease Java heap size (-Xmx/-Xms)
#   Decrease number of Java threads
#   Decrease Java thread stack sizes (-Xss)
#   Set larger code cache with -XX:ReservedCodeCacheSize=
#   JVM is running with Unscaled Compressed Oops mode in which the Java heap is
#     placed in the first 4GB address space. The Java Heap base address is the
#     maximum limit for the native heap growth. Please use -XX:HeapBaseMinAddress
#     to set the Java Heap base and to place the Java Heap above 4GB virtual address.
# This output file may be truncated or incomplete.
#
#  Out of Memory Error (allocation.cpp:390), pid=22876, tid=0x00000000000036b4
#
# JRE version: Java(TM) SE Runtime Environment (8.0_201-b09) (build 1.8.0_201-b09)
# Java VM: Java HotSpot(TM) 64-Bit Server VM (25.201-b09 mixed mode windows-amd64 compressed oops)
# Failed to write core dump. Minidumps are not enabled by default on client versions of Windows
#

---------------  T H R E A D  ---------------

Current thread (0x000000001a08c000):  JavaThread "C2 CompilerThread1" daemon [_thread_in_native, id=14004, stack(0x000000001a310000,0x000000001a410000)]

Stack: [0x000000001a310000,0x000000001a410000]
[error occurred during error reporting (printing stack bounds), id 0xc0000005]

Native frames: (J=compiled Java code, j=interpreted, Vv=VM code, C=native code)


Current CompileTask:
C2:   6280 1178       4       java.io.WinNTFileSystem::normalize (143 bytes)


---------------  P R O C E S S  ---------------

Java Threads: ( => current thread )
  0x000000001adea800 JavaThread "background-preinit" [_thread_in_native, id=8676, stack(0x000000001bd20000,0x000000001be20000)]
  0x000000001a0ad800 JavaThread "Service Thread" daemon [_thread_blocked, id=21536, stack(0x000000001b4e0000,0x000000001b5e0000)]
  0x000000001a10e000 JavaThread "C1 CompilerThread2" daemon [_thread_blocked, id=17324, stack(0x000000001b3e0000,0x000000001b4e0000)]
=>0x000000001a08c000 JavaThread "C2 CompilerThread1" daemon [_thread_in_native, id=14004, stack(0x000000001a310000,0x000000001a410000)]
  0x000000001a08b800 JavaThread "C2 CompilerThread0" daemon [_thread_blocked, id=4312, stack(0x000000001a210000,0x000000001a310000)]
  0x000000001a09c000 JavaThread "Monitor Ctrl-Break" daemon [_thread_in_native, id=33088, stack(0x000000001a110000,0x000000001a210000)]
  0x0000000017eef000 JavaThread "Attach Listener" daemon [_thread_blocked, id=12692, stack(0x0000000019810000,0x0000000019910000)]
  0x0000000017edd000 JavaThread "Signal Dispatcher" daemon [_thread_blocked, id=28212, stack(0x0000000019710000,0x0000000019810000)]
  0x0000000017eb3800 JavaThread "Finalizer" daemon [_thread_blocked, id=29412, stack(0x0000000019110000,0x0000000019210000)]
  0x00000000032ce800 JavaThread "Reference Handler" daemon [_thread_blocked, id=31000, stack(0x0000000019010000,0x0000000019110000)]
  0x00000000031d9800 JavaThread "main" [_thread_blocked, id=3136, stack(0x00000000030d0000,0x00000000031d0000)]

Other Threads:
  0x0000000017e87000 VMThread [stack: 0x0000000018f10000,0x0000000019010000] [id=21208]
  0x000000001a527000 WatcherThread [stack: 0x000000001b5e0000,0x000000001b6e0000] [id=8224]

VM state:not at safepoint (normal execution)

VM Mutex/Monitor currently owned by a thread: None

heap address: 0x0000000082000000, size: 2016 MB, Compressed Oops mode: 32-bit
Narrow klass base: 0x0000000000000000, Narrow klass shift: 3
Compressed class space size: 1073741824 Address: 0x0000000100000000

Heap:
 PSYoungGen      total 37888K, used 32362K [0x00000000d6000000, 0x00000000d8a00000, 0x0000000100000000)
  eden space 32768K, 83% used [0x00000000d6000000,0x00000000d7a9e088,0x00000000d8000000)
  from space 5120K, 99% used [0x00000000d8500000,0x00000000d89fc8d8,0x00000000d8a00000)
  to   space 5120K, 0% used [0x00000000d8000000,0x00000000d8000000,0x00000000d8500000)
 ParOldGen       total 86016K, used 2320K [0x0000000082000000, 0x0000000087400000, 0x00000000d6000000)
  object space 86016K, 2% used [0x0000000082000000,0x00000000822440d8,0x0000000087400000)
 Metaspace       used 17948K, capacity 18420K, committed 18816K, reserved 1064960K
  class space    used 2170K, capacity 2312K, committed 2432K, reserved 1048576K

Card table byte_map: [0x0000000012790000,0x0000000012b90000] byte_map_base: 0x0000000012380000

Marking Bits: (ParMarkBitMap*) 0x000000006c534ce0
 Begin Bits: [0x0000000013230000, 0x00000000151b0000)
 End Bits:   [0x00000000151b0000, 0x0000000017130000)

Polling page: 0x0000000001350000

CodeCache: size=245760Kb used=4605Kb max_used=4618Kb free=241154Kb
 bounds [0x00000000033d0000, 0x0000000003860000, 0x00000000123d0000]
 total_blobs=1665 nmethods=1318 adapters=259
 compilation: enabled

Compilation events (10 events):
Event: 6.269 Thread 0x000000001a10e000 1314       3       java.lang.invoke.LambdaForm$MH/466505482::linkToTargetMethod (15 bytes)
Event: 6.269 Thread 0x000000001a10e000 nmethod 1314 0x000000000384f1d0 code [0x000000000384f340, 0x000000000384f858]
Event: 6.269 Thread 0x000000001a10e000 1315       1       java.lang.invoke.InnerClassLambdaMetafactory::access$500 (5 bytes)
Event: 6.269 Thread 0x000000001a10e000 nmethod 1315 0x0000000003831d50 code [0x0000000003831ea0, 0x0000000003831f90]
Event: 6.269 Thread 0x000000001a10e000 1316       1       java.lang.invoke.InnerClassLambdaMetafactory::access$600 (5 bytes)
Event: 6.269 Thread 0x000000001a10e000 nmethod 1316 0x000000000384f950 code [0x000000000384faa0, 0x000000000384fb90]
Event: 6.269 Thread 0x000000001a10e000 1317       1       java.lang.invoke.InnerClassLambdaMetafactory::access$700 (5 bytes)
Event: 6.269 Thread 0x000000001a10e000 nmethod 1317 0x000000000384fc10 code [0x000000000384fd60, 0x000000000384fe50]
Event: 6.271 Thread 0x000000001a10e000 1318       3       java.util.AbstractCollection::isEmpty (13 bytes)
Event: 6.271 Thread 0x000000001a10e000 nmethod 1318 0x000000000384fed0 code [0x0000000003850040, 0x00000000038502a8]

GC Heap History (4 events):
Event: 5.450 GC heap before
{Heap before GC invocations=1 (full 0):
 PSYoungGen      total 37888K, used 32768K [0x00000000d6000000, 0x00000000d8a00000, 0x0000000100000000)
  eden space 32768K, 100% used [0x00000000d6000000,0x00000000d8000000,0x00000000d8000000)
  from space 5120K, 0% used [0x00000000d8500000,0x00000000d8500000,0x00000000d8a00000)
  to   space 5120K, 0% used [0x00000000d8000000,0x00000000d8000000,0x00000000d8500000)
 ParOldGen       total 86016K, used 0K [0x0000000082000000, 0x0000000087400000, 0x00000000d6000000)
  object space 86016K, 0% used [0x0000000082000000,0x0000000082000000,0x0000000087400000)
 Metaspace       used 10013K, capacity 10232K, committed 10496K, reserved 1058816K
  class space    used 1153K, capacity 1244K, committed 1280K, reserved 1048576K
Event: 5.460 GC heap after
Heap after GC invocations=1 (full 0):
 PSYoungGen      total 37888K, used 5094K [0x00000000d6000000, 0x00000000d8a00000, 0x0000000100000000)
  eden space 32768K, 0% used [0x00000000d6000000,0x00000000d6000000,0x00000000d8000000)
  from space 5120K, 99% used [0x00000000d8000000,0x00000000d84f99d0,0x00000000d8500000)
  to   space 5120K, 0% used [0x00000000d8500000,0x00000000d8500000,0x00000000d8a00000)
 ParOldGen       total 86016K, used 549K [0x0000000082000000, 0x0000000087400000, 0x00000000d6000000)
  object space 86016K, 0% used [0x0000000082000000,0x00000000820894b8,0x0000000087400000)
 Metaspace       used 10013K, capacity 10232K, committed 10496K, reserved 1058816K
  class space    used 1153K, capacity 1244K, committed 1280K, reserved 1048576K
}
Event: 5.959 GC heap before
{Heap before GC invocations=2 (full 0):
 PSYoungGen      total 37888K, used 37809K [0x00000000d6000000, 0x00000000d8a00000, 0x0000000100000000)
  eden space 32768K, 99% used [0x00000000d6000000,0x00000000d7ff2bf0,0x00000000d8000000)
  from space 5120K, 99% used [0x00000000d8000000,0x00000000d84f99d0,0x00000000d8500000)
  to   space 5120K, 0% used [0x00000000d8500000,0x00000000d8500000,0x00000000d8a00000)
 ParOldGen       total 86016K, used 549K [0x0000000082000000, 0x0000000087400000, 0x00000000d6000000)
  object space 86016K, 0% used [0x0000000082000000,0x00000000820894b8,0x0000000087400000)
 Metaspace       used 14316K, capacity 14780K, committed 14976K, reserved 1062912K
  class space    used 1712K, capacity 1832K, committed 1920K, reserved 1048576K
Event: 5.967 GC heap after
Heap after GC invocations=2 (full 0):
 PSYoungGen      total 37888K, used 5106K [0x00000000d6000000, 0x00000000d8a00000, 0x0000000100000000)
  eden space 32768K, 0% used [0x00000000d6000000,0x00000000d6000000,0x00000000d8000000)
  from space 5120K, 99% used [0x00000000d8500000,0x00000000d89fc8d8,0x00000000d8a00000)
  to   space 5120K, 0% used [0x00000000d8000000,0x00000000d8000000,0x00000000d8500000)
 ParOldGen       total 86016K, used 2320K [0x0000000082000000, 0x0000000087400000, 0x00000000d6000000)
  object space 86016K, 2% used [0x0000000082000000,0x00000000822440d8,0x0000000087400000)
 Metaspace       used 14316K, capacity 14780K, committed 14976K, reserved 1062912K
  class space    used 1712K, capacity 1832K, committed 1920K, reserved 1048576K
}

Deoptimization events (9 events):
Event: 4.538 Thread 0x00000000031d9800 Uncommon trap: reason=unstable_if action=reinterpret pc=0x000000000353db08 method=java.lang.String.indexOf([CII[CIII)I @ 3
Event: 5.107 Thread 0x00000000031d9800 Uncommon trap: reason=unstable_if action=reinterpret pc=0x0000000003615e38 method=java.util.HashMap.getNode(ILjava/lang/Object;)Ljava/util/HashMap$Node; @ 62
Event: 5.247 Thread 0x00000000031d9800 Uncommon trap: reason=range_check action=make_not_entrant pc=0x00000000036ccda0 method=sun.reflect.generics.parser.SignatureParser.current()C @ 34
Event: 5.714 Thread 0x00000000031d9800 Uncommon trap: reason=unstable_if action=reinterpret pc=0x0000000003556e48 method=java.io.WinNTFileSystem.isLetter(C)Z @ 15
Event: 5.714 Thread 0x00000000031d9800 Uncommon trap: reason=unstable_if action=reinterpret pc=0x00000000035784a8 method=java.io.WinNTFileSystem.isLetter(C)Z @ 15
Event: 6.093 Thread 0x00000000031d9800 Uncommon trap: reason=unstable_if action=reinterpret pc=0x00000000036bb69c method=java.util.HashMap.hash(Ljava/lang/Object;)I @ 1
Event: 6.094 Thread 0x00000000031d9800 Uncommon trap: reason=unstable_if action=reinterpret pc=0x00000000036ee3a8 method=java.util.HashMap.hash(Ljava/lang/Object;)I @ 1
Event: 6.133 Thread 0x00000000031d9800 Uncommon trap: reason=class_check action=maybe_recompile pc=0x0000000003740748 method=java.util.HashMap.putVal(ILjava/lang/Object;Ljava/lang/Object;ZZ)Ljava/lang/Object; @ 203
Event: 6.166 Thread 0x00000000031d9800 Uncommon trap: reason=class_check action=maybe_recompile pc=0x0000000003740748 method=java.util.HashMap.putVal(ILjava/lang/Object;Ljava/lang/Object;ZZ)Ljava/lang/Object; @ 203

Classes redefined (0 events):
No events

Internal exceptions (10 events):
Event: 5.646 Thread 0x00000000031d9800 Exception <a 'java/lang/NoSuchMethodError': java.lang.Object.lambda$or$2(Ljava/util/function/BiPredicate;Ljava/lang/Object;Ljava/lang/Object;)Z> (0x00000000d6844fe0) thrown at [C:\re\workspace\8-2-build-windows-amd64-cygwin\jdk8u201\12322\hotspot\src\shar
Event: 5.649 Thread 0x00000000031d9800 Exception <a 'java/lang/NoSuchMethodError': java.lang.Object.lambda$chars$0()Ljava/util/Spliterator$OfInt;> (0x00000000d6855980) thrown at [C:\re\workspace\8-2-build-windows-amd64-cygwin\jdk8u201\12322\hotspot\src\share\vm\interpreter\linkResolver.cpp, li
Event: 5.849 Thread 0x000000001adea800 Exception <a 'java/lang/NoClassDefFoundError': javax/validation/Validation> (0x00000000d749d3d0) thrown at [C:\re\workspace\8-2-build-windows-amd64-cygwin\jdk8u201\12322\hotspot\src\share\vm\classfile\systemDictionary.cpp, line 199]
Event: 6.036 Thread 0x00000000031d9800 Exception <a 'java/lang/NoClassDefFoundError': javax/validation/ValidationException> (0x00000000d66e19a8) thrown at [C:\re\workspace\8-2-build-windows-amd64-cygwin\jdk8u201\12322\hotspot\src\share\vm\classfile\systemDictionary.cpp, line 199]
Event: 6.049 Thread 0x00000000031d9800 Exception <a 'java/lang/NoClassDefFoundError': org/springframework/jdbc/CannotGetJdbcConnectionException> (0x00000000d6832e30) thrown at [C:\re\workspace\8-2-build-windows-amd64-cygwin\jdk8u201\12322\hotspot\src\share\vm\classfile\systemDictionary.cpp, li
Event: 6.090 Thread 0x00000000031d9800 Exception <a 'java/lang/NoSuchMethodError': org.slf4j.impl.StaticMDCBinder.getSingleton()Lorg/slf4j/impl/StaticMDCBinder;> (0x00000000d6b00a80) thrown at [C:\re\workspace\8-2-build-windows-amd64-cygwin\jdk8u201\12322\hotspot\src\share\vm\interpreter\linkR
Event: 6.093 Thread 0x00000000031d9800 Implicit null exception at 0x00000000036bb495 to 0x00000000036bb68d
Event: 6.094 Thread 0x00000000031d9800 Implicit null exception at 0x00000000036ee32f to 0x00000000036ee399
Event: 6.198 Thread 0x00000000031d9800 Exception <a 'java/lang/NoSuchMethodError': java.lang.Object.lambda$getAnnotationTypes$0(Lorg/springframework/core/annotation/MergedAnnotation;)Ljava/lang/String;> (0x00000000d7336f88) thrown at [C:\re\workspace\8-2-build-windows-amd64-cygwin\jdk8u201\123
Event: 6.207 Thread 0x00000000031d9800 Exception <a 'java/lang/NoSuchMethodError': java.lang.Object.lambda$getMetaAnnotationTypes$1(Lorg/springframework/core/annotation/MergedAnnotation;)Ljava/lang/String;> (0x00000000d74e06f8) thrown at [C:\re\workspace\8-2-build-windows-amd64-cygwin\jdk8u201

Events (10 events):
Event: 6.266 loading class com/fasterxml/jackson/datatype/jdk8/Jdk8Module
Event: 6.266 loading class com/fasterxml/jackson/datatype/jdk8/Jdk8Module done
Event: 6.266 loading class org/springframework/beans/PropertyValue
Event: 6.266 loading class org/springframework/beans/PropertyValue done
Event: 6.268 loading class org/springframework/core/annotation/ValueExtractor
Event: 6.268 loading class org/springframework/core/annotation/ValueExtractor done
Event: 6.269 loading class org/springframework/core/annotation/AnnotationAttributes
Event: 6.269 loading class org/springframework/core/annotation/AnnotationAttributes done
Event: 6.271 loading class org/springframework/boot/type/classreading/ConcurrentReferenceCachingMetadataReaderFactory
Event: 6.271 loading class org/springframework/boot/type/classreading/ConcurrentReferenceCachingMetadataReaderFactory done


Dynamic libraries:
0x00007ff7bd740000 - 0x00007ff7bd777000 	C:\Program Files\Java\jdk1.8.0_201\bin\java.exe
0x00007ff8f0310000 - 0x00007ff8f04fd000 	C:\WINDOWS\SYSTEM32\ntdll.dll
0x00007ff8eea30000 - 0x00007ff8eeae3000 	C:\WINDOWS\System32\KERNEL32.DLL
0x00007ff8ecc80000 - 0x00007ff8ecf14000 	C:\WINDOWS\System32\KERNELBASE.dll
0x000000006e340000 - 0x000000006e3d5000 	C:\WINDOWS\System32\SYSFER.DLL
0x00007ff8efa90000 - 0x00007ff8efb33000 	C:\WINDOWS\System32\ADVAPI32.dll
0x00007ff8f00d0000 - 0x00007ff8f016e000 	C:\WINDOWS\System32\msvcrt.dll
0x00007ff8efc30000 - 0x00007ff8efcce000 	C:\WINDOWS\System32\sechost.dll
0x00007ff8ef1e0000 - 0x00007ff8ef302000 	C:\WINDOWS\System32\RPCRT4.dll
0x00007ff8efd00000 - 0x00007ff8efe97000 	C:\WINDOWS\System32\USER32.dll
0x00007ff8ecb50000 - 0x00007ff8ecb70000 	C:\WINDOWS\System32\win32u.dll
0x00007ff8efb40000 - 0x00007ff8efb69000 	C:\WINDOWS\System32\GDI32.dll
0x00007ff8ed270000 - 0x00007ff8ed40b000 	C:\WINDOWS\System32\gdi32full.dll
0x00007ff8ecff0000 - 0x00007ff8ed090000 	C:\WINDOWS\System32\msvcp_win.dll
0x00007ff8ed410000 - 0x00007ff8ed50a000 	C:\WINDOWS\System32\ucrtbase.dll
0x00007ff8d6440000 - 0x00007ff8d66b9000 	C:\WINDOWS\WinSxS\amd64_microsoft.windows.common-controls_6595b64144ccf1df_6.0.17763.1397_none_de7645305346d5dc\COMCTL32.dll
0x00007ff8ef3a0000 - 0x00007ff8ef6cc000 	C:\WINDOWS\System32\combase.dll
0x00007ff8ecf70000 - 0x00007ff8ecfee000 	C:\WINDOWS\System32\bcryptPrimitives.dll
0x00007ff8ef320000 - 0x00007ff8ef328000 	C:\WINDOWS\System32\psapi.dll
0x00007ff8efcd0000 - 0x00007ff8efcfe000 	C:\WINDOWS\System32\IMM32.DLL
0x00007ff8ebfd0000 - 0x00007ff8ec13b000 	C:\Program Files\Avecto\Privilege Guard Client\PGHook.dll
0x00007ff8ed510000 - 0x00007ff8ed527000 	C:\WINDOWS\System32\CRYPTSP.dll
0x00007ff8ebf40000 - 0x00007ff8ebf73000 	C:\WINDOWS\system32\rsaenh.dll
0x00007ff8ec3c0000 - 0x00007ff8ec3e6000 	C:\WINDOWS\System32\bcrypt.dll
0x00007ff8ebf30000 - 0x00007ff8ebf3c000 	C:\WINDOWS\SYSTEM32\CRYPTBASE.dll
0x000000006d550000 - 0x000000006d621000 	C:\Program Files\Java\jdk1.8.0_201\jre\bin\msvcr100.dll
0x000000006bd10000 - 0x000000006c5b4000 	C:\Program Files\Java\jdk1.8.0_201\jre\bin\server\jvm.dll
0x00007ff8d7a80000 - 0x00007ff8d7a89000 	C:\WINDOWS\SYSTEM32\WSOCK32.dll
0x00007ff8ef330000 - 0x00007ff8ef39d000 	C:\WINDOWS\System32\WS2_32.dll
0x00007ff8e1f30000 - 0x00007ff8e1f54000 	C:\WINDOWS\SYSTEM32\WINMM.dll
0x00007ff8e3270000 - 0x00007ff8e327a000 	C:\WINDOWS\SYSTEM32\VERSION.dll
0x00007ff8e1f00000 - 0x00007ff8e1f2d000 	C:\WINDOWS\SYSTEM32\WINMMBASE.dll
0x00007ff8ecf20000 - 0x00007ff8ecf6a000 	C:\WINDOWS\System32\cfgmgr32.dll
0x00007ff8e6be0000 - 0x00007ff8e6bef000 	C:\Program Files\Java\jdk1.8.0_201\jre\bin\verify.dll
0x00007ff8e6bb0000 - 0x00007ff8e6bd9000 	C:\Program Files\Java\jdk1.8.0_201\jre\bin\java.dll
0x00007ff8e5320000 - 0x00007ff8e5343000 	C:\Program Files\Java\jdk1.8.0_201\jre\bin\instrument.dll
0x00007ff8e8430000 - 0x00007ff8e8446000 	C:\Program Files\Java\jdk1.8.0_201\jre\bin\zip.dll
0x00007ff8ed530000 - 0x00007ff8eea28000 	C:\WINDOWS\System32\SHELL32.dll
0x00007ff8eec90000 - 0x00007ff8eed39000 	C:\WINDOWS\System32\shcore.dll
0x00007ff8ec3f0000 - 0x00007ff8ecb43000 	C:\WINDOWS\System32\windows.storage.dll
0x00007ff8ec390000 - 0x00007ff8ec3b4000 	C:\WINDOWS\System32\profapi.dll
0x00007ff8ec310000 - 0x00007ff8ec36d000 	C:\WINDOWS\System32\powrprof.dll
0x00007ff8ef830000 - 0x00007ff8ef882000 	C:\WINDOWS\System32\shlwapi.dll
0x00007ff8ec2f0000 - 0x00007ff8ec301000 	C:\WINDOWS\System32\kernel.appcore.dll
0x00007ff8e3c50000 - 0x00007ff8e3c6a000 	D:\IntelliJ IDEA Community Edition 2019.2\bin\breakgen64.dll
0x00007ff8e7990000 - 0x00007ff8e79aa000 	C:\Program Files\Java\jdk1.8.0_201\jre\bin\net.dll
0x00007ff8df060000 - 0x00007ff8df237000 	C:\WINDOWS\SYSTEM32\urlmon.dll
0x00007ff8e0b50000 - 0x00007ff8e0df8000 	C:\WINDOWS\SYSTEM32\iertutil.dll
0x00007ff8eb8f0000 - 0x00007ff8eb957000 	C:\WINDOWS\system32\mswsock.dll
0x00007ff8e6b80000 - 0x00007ff8e6b8d000 	C:\Program Files\Java\jdk1.8.0_201\jre\bin\management.dll
0x00007ff8d3dd0000 - 0x00007ff8d3de6000 	C:\WINDOWS\system32\napinsp.dll
0x00007ff8d3db0000 - 0x00007ff8d3dca000 	C:\WINDOWS\system32\pnrpnsp.dll
0x00007ff8eb670000 - 0x00007ff8eb737000 	C:\WINDOWS\SYSTEM32\DNSAPI.dll
0x00007ff8eec80000 - 0x00007ff8eec88000 	C:\WINDOWS\System32\NSI.dll
0x00007ff8eb620000 - 0x00007ff8eb65d000 	C:\WINDOWS\SYSTEM32\IPHLPAPI.DLL
0x00007ff8d3da0000 - 0x00007ff8d3dae000 	C:\WINDOWS\System32\winrnr.dll
0x00007ff8e5a30000 - 0x00007ff8e5a4b000 	C:\WINDOWS\system32\NLAapi.dll
0x00007ff8d3d80000 - 0x00007ff8d3d95000 	C:\WINDOWS\system32\wshbth.dll
0x00007ff8e3220000 - 0x00007ff8e322a000 	C:\Windows\System32\rasadhlp.dll
0x00007ff8e71f0000 - 0x00007ff8e7269000 	C:\WINDOWS\System32\fwpuclnt.dll

VM Arguments:
jvm_args: -javaagent:D:\IntelliJ IDEA Community Edition 2019.2\lib\idea_rt.jar=51925:D:\IntelliJ IDEA Community Edition 2019.2\bin -Dfile.encoding=UTF-8 
java_command: com.csvw.oneService.OneServiceApplication
java_class_path (initial): C:\Program Files\Java\jdk1.8.0_201\jre\lib\charsets.jar;C:\Program Files\Java\jdk1.8.0_201\jre\lib\deploy.jar;C:\Program Files\Java\jdk1.8.0_201\jre\lib\ext\access-bridge-64.jar;C:\Program Files\Java\jdk1.8.0_201\jre\lib\ext\cldrdata.jar;C:\Program Files\Java\jdk1.8.0_201\jre\lib\ext\dnsns.jar;C:\Program Files\Java\jdk1.8.0_201\jre\lib\ext\jaccess.jar;C:\Program Files\Java\jdk1.8.0_201\jre\lib\ext\jfxrt.jar;C:\Program Files\Java\jdk1.8.0_201\jre\lib\ext\localedata.jar;C:\Program Files\Java\jdk1.8.0_201\jre\lib\ext\nashorn.jar;C:\Program Files\Java\jdk1.8.0_201\jre\lib\ext\sunec.jar;C:\Program Files\Java\jdk1.8.0_201\jre\lib\ext\sunjce_provider.jar;C:\Program Files\Java\jdk1.8.0_201\jre\lib\ext\sunmscapi.jar;C:\Program Files\Java\jdk1.8.0_201\jre\lib\ext\sunpkcs11.jar;C:\Program Files\Java\jdk1.8.0_201\jre\lib\ext\zipfs.jar;C:\Program Files\Java\jdk1.8.0_201\jre\lib\javaws.jar;C:\Program Files\Java\jdk1.8.0_201\jre\lib\jce.jar;C:\Program Files\Java\jdk1.8.0_201\jre\lib\jfr.jar;C:\Program Files\Java\jdk1.8.0_201\jre\lib\jfxswt.jar;C:\Program Files\Java\jdk1.8.0_201\jre\lib\jsse.jar;C:\Program Files\Java\jdk1.8.0_201\jre\lib\management-agent.jar;C:\Program Files\Java\jdk1.8.0_201\jre\lib\plugin.jar;C:\Program Files\Java\jdk1.8.0_201\jre\lib\resources.jar;C:\Program Files\Java\jdk1.8.0_201\jre\lib\rt.jar;D:\IdeaProjects\oneService\target\classes;C:\Users\xinplv\.m2\repository\org\springframework\boot\spring-boot-starter-web\2.3.3.RELEASE\spring-boot-starter-web-2.3.3.RELEASE.jar;C:\Users\xinplv\.m2\repository\org\springframework\boot\spring-boot-starter\2.3.3.RELEASE\spring-boot-starter-2.3.3.RELEASE.jar;C:\Users\xinplv\.m2\repository\org\springframework\boot\spring-boot\2.3.3.RELEASE\spring-boot-2.3.3.RELEASE.jar;C:\Users\xinplv\.m2\repository\org\springframework\boot\spring-boot-autoconfigure\2.3.3.RELEASE\spring-boot-autoconfigure-2.3.3.RELEASE.jar;C:\Users\xinplv\.m2\repository\org\springframework\boot\spring-boot-starter-logging\2.3.3.R
Launcher Type: SUN_STANDARD

Environment Variables:
JAVA_HOME=D:\java-1.8
CLASSPATH=.;D:\java-1.8\lib;D:\java-1.8\lib\tools.jar;D:\Matlab\toolbox\javabuilder\jar\javabuilder.jar
PATH=D:\IntelliJ IDEA Community Edition 2019.2\jbr\\bin;D:\IntelliJ IDEA Community Edition 2019.2\jbr\\bin\server;D:\ImageMagick-6.9.2-Q16;C:\Users\xinplv\AppData\Local\Programs\Python\Python37\;C:\Users\xinplv\AppData\Local\Programs\Python\Python37\Scripts\;C:\Program Files (x86)\Common Files\Oracle\Java\javapath;C:\ProgramData\DockerDesktop\version-bin;C:\Program Files\Docker\Docker\Resources\bin;C:\WINDOWS\system32;C:\WINDOWS;C:\WINDOWS\System32\Wbem;C:\WINDOWS\System32\WindowsPowerShell\v1.0\;C:\Program Files (x86)\QuickTime\QTSystem\;C:\Program Files\CapgeminiScripts\Support Tools\;D:\AWS\bin\;C:\Program Files\Amazon\AWSCLI\bin\;D:\apache-maven-3.6.0\bin;D:\java-1.8\bin;C:\Program Files\Git\cmd;D:\hadoop-2.6.0\bin;D:\Matlab\runtime\win64;D:\Matlab\bin;C:\Program Files\PuTTY\;C:\Program Files\Intel\WiFi\bin\;C:\Program Files\Common Files\Intel\WirelessCommon\;D:\Matlab\matlab runtime\v96\runtime\win64;C:\Program Files (x86)\Microsoft SQL Server\150\DTS\Binn\;C:\WINDOWS\System32\OpenSSH\;C:\ProgramData\chocolatey\bin;D:\spark-2.3.4;D:\spark-2.3.4\bin;D:\spark-2.3.4\sbin;C:\Users\xinplv\Downloads\nc111nt_safe\;D:\node.js\;D:\openshift;D:\scala-2.11.8\bin;C:\Users\xinplv\AppData\Local\Programs\Python\Python37\Scripts\;C:\Users\xinplv\AppData\Local\Programs\Python\Python37\;C:\Users\xinplv\AppData\Local\Microsoft\WindowsApps;;D:\PyCharm Community Edition 2018.3.4\bin;;D:\IntelliJ IDEA 2018.3.4\bin;;D:\IntelliJ IDEA Community Edition 2019.2\bin;;C:\Users\xinplv\AppData\Roaming\npm
USERNAME=xinplv
OS=Windows_NT
PROCESSOR_IDENTIFIER=Intel64 Family 6 Model 142 Stepping 9, GenuineIntel



---------------  S Y S T E M  ---------------

OS: Windows 10.0 , 64 bit Build 17763 (10.0.17763.1339)

CPU:total 4 (initial active 4) (2 cores per cpu, 2 threads per core) family 6 model 142 stepping 9, cmov, cx8, fxsr, mmx, sse, sse2, sse3, ssse3, sse4.1, sse4.2, popcnt, avx, avx2, aes, clmul, erms, rtm, 3dnowpref, lzcnt, ht, tsc, tscinvbit, bmi1, bmi2, adx

Memory: 4k page, physical 8256200k(521440k free), swap 23971488k(5812k free)

vm_info: Java HotSpot(TM) 64-Bit Server VM (25.201-b09) for windows-amd64 JRE (1.8.0_201-b09), built on Dec 15 2018 18:36:39 by "java_re" with MS VC++ 10.0 (VS2010)

time: Thu Sep 17 15:21:21 2020
timezone: China Standard Time
elapsed time: 6 seconds (0d 0h 0m 6s)

